Using pre-set license
Built from '2021.3/staging' branch; Version is '2021.3.29f1 (204d6dc9ae1c) revision 2116973'; Using compiler version '192829333'; Build Type 'Release'
OS: 'Windows 10  (10.0.19045) 64bit Professional' Language: 'fr' Physical Memory: 16227 MB
BatchMode: 1, IsHumanControllingUs: 0, StartBugReporterOnCrash: 0, Is64bit: 1, IsPro: 1

COMMAND LINE ARGUMENTS:
D:\Program\Unity\Unity Editor\2021.3.29f1\Editor\Unity.exe
-adb2
-batchMode
-noUpm
-name
AssetImportWorker1
-projectPath
D:/Program/Unity/Project/repo/Unity_Road/Jump Race Game
-logFile
Logs/AssetImportWorker1.log
-srvPort
52357
Successfully changed project path to: D:/Program/Unity/Project/repo/Unity_Road/Jump Race Game
D:/Program/Unity/Project/repo/Unity_Road/Jump Race Game
[UnityMemory] Configuration Parameters - Can be set up in boot.config
    "memorysetup-bucket-allocator-granularity=16"
    "memorysetup-bucket-allocator-bucket-count=8"
    "memorysetup-bucket-allocator-block-size=33554432"
    "memorysetup-bucket-allocator-block-count=8"
    "memorysetup-main-allocator-block-size=16777216"
    "memorysetup-thread-allocator-block-size=16777216"
    "memorysetup-gfx-main-allocator-block-size=16777216"
    "memorysetup-gfx-thread-allocator-block-size=16777216"
    "memorysetup-cache-allocator-block-size=4194304"
    "memorysetup-typetree-allocator-block-size=2097152"
    "memorysetup-profiler-bucket-allocator-granularity=16"
    "memorysetup-profiler-bucket-allocator-bucket-count=8"
    "memorysetup-profiler-bucket-allocator-block-size=33554432"
    "memorysetup-profiler-bucket-allocator-block-count=8"
    "memorysetup-profiler-allocator-block-size=16777216"
    "memorysetup-profiler-editor-allocator-block-size=1048576"
    "memorysetup-temp-allocator-size-main=16777216"
    "memorysetup-job-temp-allocator-block-size=2097152"
    "memorysetup-job-temp-allocator-block-size-background=1048576"
    "memorysetup-job-temp-allocator-reduction-small-platforms=262144"
    "memorysetup-temp-allocator-size-background-worker=32768"
    "memorysetup-temp-allocator-size-job-worker=262144"
    "memorysetup-temp-allocator-size-preload-manager=33554432"
    "memorysetup-temp-allocator-size-nav-mesh-worker=65536"
    "memorysetup-temp-allocator-size-audio-worker=65536"
    "memorysetup-temp-allocator-size-cloud-worker=32768"
    "memorysetup-temp-allocator-size-gi-baking-worker=262144"
    "memorysetup-temp-allocator-size-gfx=262144"
Player connection [21188] Host "[IP] 192.168.11.101 [Port] 0 [Flags] 2 [Guid] 2339727052 [EditorId] 2339727052 [Version] 1048832 [Id] WindowsEditor(7,DESKTOP-DOV51M5) [Debug] 1 [PackageName] WindowsEditor [ProjectName] Editor" joined multi-casting on [225.0.0.222:54997]...

Player connection [21188] Host "[IP] 192.168.11.101 [Port] 0 [Flags] 2 [Guid] 2339727052 [EditorId] 2339727052 [Version] 1048832 [Id] WindowsEditor(7,DESKTOP-DOV51M5) [Debug] 1 [PackageName] WindowsEditor [ProjectName] Editor" joined alternative multi-casting on [225.0.0.222:34997]...

Refreshing native plugins compatible for Editor in 284.54 ms, found 3 plugins.
Preloading 0 native plugins for Editor in 0.00 ms.
Initialize engine version: 2021.3.29f1 (204d6dc9ae1c)
[Subsystems] Discovering subsystems at path D:/Program/Unity/Unity Editor/2021.3.29f1/Editor/Data/Resources/UnitySubsystems
[Subsystems] Discovering subsystems at path D:/Program/Unity/Project/repo/Unity_Road/Jump Race Game/Assets
GfxDevice: creating device client; threaded=0; jobified=0
Direct3D:
    Version:  Direct3D 11.0 [level 11.1]
    Renderer: Intel(R) UHD Graphics 620 (ID=0x5917)
    Vendor:   Intel
    VRAM:     8113 MB
    Driver:   31.0.101.2121
Initialize mono
Mono path[0] = 'D:/Program/Unity/Unity Editor/2021.3.29f1/Editor/Data/Managed'
Mono path[1] = 'D:/Program/Unity/Unity Editor/2021.3.29f1/Editor/Data/MonoBleedingEdge/lib/mono/unityjit-win32'
Mono config path = 'D:/Program/Unity/Unity Editor/2021.3.29f1/Editor/Data/MonoBleedingEdge/etc'
Using monoOptions --debugger-agent=transport=dt_socket,embedding=1,server=y,suspend=n,address=127.0.0.1:56636
Begin MonoManager ReloadAssembly
Registering precompiled unity dll's ...
Register platform support module: D:/Program/Unity/Unity Editor/2021.3.29f1/Editor/Data/PlaybackEngines/AndroidPlayer/UnityEditor.Android.Extensions.dll
Register platform support module: D:/Program/Unity/Unity Editor/2021.3.29f1/Editor/Data/PlaybackEngines/WindowsStandaloneSupport/UnityEditor.WindowsStandalone.Extensions.dll
Registered in 0.019076 seconds.
Native extension for WindowsStandalone target not found
Native extension for Android target not found
Android Extension - Scanning For ADB Devices 473 ms
Refreshing native plugins compatible for Editor in 171.15 ms, found 3 plugins.
Preloading 0 native plugins for Editor in 0.00 ms.
Mono: successfully reloaded assembly
- Completed reload, in  2.062 seconds
Domain Reload Profiling:
	ReloadAssembly (2063ms)
		BeginReloadAssembly (231ms)
			ExecutionOrderSort (0ms)
			DisableScriptedObjects (0ms)
			BackupInstance (0ms)
			ReleaseScriptingObjects (0ms)
			CreateAndSetChildDomain (1ms)
		EndReloadAssembly (1577ms)
			LoadAssemblies (227ms)
			RebuildTransferFunctionScriptingTraits (0ms)
			SetupTypeCache (211ms)
			ReleaseScriptCaches (0ms)
			RebuildScriptCaches (44ms)
			SetupLoadedEditorAssemblies (1244ms)
				LogAssemblyErrors (0ms)
				InitializePlatformSupportModulesInManaged (665ms)
				SetLoadedEditorAssemblies (160ms)
				RefreshPlugins (171ms)
				BeforeProcessingInitializeOnLoad (2ms)
				ProcessInitializeOnLoadAttributes (161ms)
				ProcessInitializeOnLoadMethodAttributes (83ms)
				AfterProcessingInitializeOnLoad (0ms)
				EditorAssembliesLoaded (0ms)
			ExecutionOrderSort2 (0ms)
			AwakeInstancesAfterBackupRestoration (0ms)
Platform modules already initialized, skipping
Registering precompiled user dll's ...
Registered in 0.008770 seconds.
Begin MonoManager ReloadAssembly
Symbol file LoadedFromMemory doesn't match image D:\Program\Unity\Project\repo\Unity_Road\Jump Race Game\Library\PackageCache\com.unity.visualscripting@1.8.0\Editor\VisualScripting.Core\Dependencies\YamlDotNet\Unity.VisualScripting.YamlDotNet.dll
Symbol file LoadedFromMemory doesn't match image D:\Program\Unity\Project\repo\Unity_Road\Jump Race Game\Library\PackageCache\com.unity.visualscripting@1.8.0\Editor\VisualScripting.Core\Dependencies\DotNetZip\Unity.VisualScripting.IonicZip.dll
Native extension for WindowsStandalone target not found
Native extension for Android target not found
Refreshing native plugins compatible for Editor in 0.74 ms, found 3 plugins.
Preloading 0 native plugins for Editor in 0.00 ms.
Mono: successfully reloaded assembly
- Completed reload, in  2.001 seconds
Domain Reload Profiling:
	ReloadAssembly (2003ms)
		BeginReloadAssembly (257ms)
			ExecutionOrderSort (0ms)
			DisableScriptedObjects (9ms)
			BackupInstance (0ms)
			ReleaseScriptingObjects (0ms)
			CreateAndSetChildDomain (28ms)
		EndReloadAssembly (1555ms)
			LoadAssemblies (247ms)
			RebuildTransferFunctionScriptingTraits (0ms)
			SetupTypeCache (557ms)
			ReleaseScriptCaches (1ms)
			RebuildScriptCaches (85ms)
			SetupLoadedEditorAssemblies (651ms)
				LogAssemblyErrors (0ms)
				InitializePlatformSupportModulesInManaged (31ms)
				SetLoadedEditorAssemblies (1ms)
				RefreshPlugins (1ms)
				BeforeProcessingInitializeOnLoad (136ms)
				ProcessInitializeOnLoadAttributes (432ms)
				ProcessInitializeOnLoadMethodAttributes (40ms)
				AfterProcessingInitializeOnLoad (10ms)
				EditorAssembliesLoaded (0ms)
			ExecutionOrderSort2 (0ms)
			AwakeInstancesAfterBackupRestoration (14ms)
Platform modules already initialized, skipping
========================================================================
Worker process is ready to serve import requests
Launched and connected shader compiler UnityShaderCompiler.exe after 0.08 seconds
Refreshing native plugins compatible for Editor in 0.62 ms, found 3 plugins.
Preloading 0 native plugins for Editor in 0.00 ms.
Unloading 3237 Unused Serialized files (Serialized files now loaded: 0)
Unloading 35 unused Assets / (119.3 KB). Loaded Objects now: 3703.
Memory consumption went from 121.0 MB to 120.9 MB.
Total: 5.393600 ms (FindLiveObjects: 0.362900 ms CreateObjectMapping: 0.303300 ms MarkObjects: 4.549100 ms  DeleteObjects: 0.168500 ms)

AssetImportParameters requested are different than current active one (requested -> active):
  custom:video-decoder-ogg-theora: a1e56fd34408186e4bbccfd4996cb3dc -> 
  custom:container-muxer-webm: aa71ff27fc2769a1b78a27578f13a17b -> 
  custom:container-demuxer-webm: 4f35f7cbe854078d1ac9338744f61a02 -> 
  custom:video-encoder-webm-vp8: eb34c28f22e8b96e1ab97ce403110664 -> 
  custom:CustomObjectIndexerAttribute: bc11b3a6c3213fcdd17b65e7da85e133 -> 
  custom:audio-encoder-webm-vorbis: bf7c407c2cedff20999df2af8eb42d56 -> 
  custom:framework-win-MediaFoundation: 216162199b28c13a410421893ffa2e32 -> 
  custom:container-demuxer-ogg: 62fdf1f143b41e24485cea50d1cbac27 -> 
  custom:video-decoder-webm-vp8: 9c59270c3fd7afecdb556c50c9e8de78 -> 
  custom:audio-decoder-ogg-vorbis: bf7c407c2cedff20999df2af8eb42d56 -> 
========================================================================
Received Import Request.
  Time since last request: 9974.161883 seconds.
  path: Assets/3dModels/Animations/Backflip.fbx
  artifactKey: Guid(3eef2480001b6db4894d89397b1294ca) Importer(815301076,1909f56bfc062723c751e8b465ee728b)
Start importing Assets/3dModels/Animations/Backflip.fbx using Guid(3eef2480001b6db4894d89397b1294ca) Importer(815301076,1909f56bfc062723c751e8b465ee728b)  -> (artifact id: 'c1dfa71801909e9d7bf0b7ff5349659d') in 0.336364 seconds 
========================================================================
Received Import Request.
  Time since last request: 0.000250 seconds.
  path: Assets/3dModels/Animations/Idle (2).fbx
  artifactKey: Guid(503d5c9d1064d2a4ca223c6de33f4ec9) Importer(815301076,1909f56bfc062723c751e8b465ee728b)
Start importing Assets/3dModels/Animations/Idle (2).fbx using Guid(503d5c9d1064d2a4ca223c6de33f4ec9) Importer(815301076,1909f56bfc062723c751e8b465ee728b)  -> (artifact id: 'ed3cf7fa612e85e77e6affd7c8419063') in 0.048717 seconds 
========================================================================
Received Import Request.
  Time since last request: 0.000060 seconds.
  path: Assets/3dModels/Animations/Jump.fbx
  artifactKey: Guid(e266ac38f9814b74e9d11e92e355fc98) Importer(815301076,1909f56bfc062723c751e8b465ee728b)
Start importing Assets/3dModels/Animations/Jump.fbx using Guid(e266ac38f9814b74e9d11e92e355fc98) Importer(815301076,1909f56bfc062723c751e8b465ee728b)  -> (artifact id: 'a3c05075bf72f8309ac683d7d69d29d7') in 0.037026 seconds 
========================================================================
Received Import Request.
  Time since last request: 1.360334 seconds.
  path: Assets/3dModels/Fun_Human_Racee_Assets/balls_01.fbx
  artifactKey: Guid(711d320a4e9aed04ca34094457a9a221) Importer(815301076,1909f56bfc062723c751e8b465ee728b)
Start importing Assets/3dModels/Fun_Human_Racee_Assets/balls_01.fbx using Guid(711d320a4e9aed04ca34094457a9a221) Importer(815301076,1909f56bfc062723c751e8b465ee728b)  -> (artifact id: 'ac4b719fa2515a4550baa17dfa94cda5') in 0.236550 seconds 
========================================================================
Received Import Request.
  Time since last request: 0.000046 seconds.
  path: Assets/3dModels/Fun_Human_Racee_Assets/Capsule_02.fbx
  artifactKey: Guid(2be7b9dcc7302cd45a69411dc882309f) Importer(815301076,1909f56bfc062723c751e8b465ee728b)
Start importing Assets/3dModels/Fun_Human_Racee_Assets/Capsule_02.fbx using Guid(2be7b9dcc7302cd45a69411dc882309f) Importer(815301076,1909f56bfc062723c751e8b465ee728b)  -> (artifact id: 'c8944c4555437d9a7fc17c0b8acbbe04') in 0.105133 seconds 
========================================================================
Received Import Request.
  Time since last request: 0.000040 seconds.
  path: Assets/3dModels/Fun_Human_Racee_Assets/Cylindre_02.fbx
  artifactKey: Guid(a5c25205e2b46cf43a34aa0fe1798c7c) Importer(815301076,1909f56bfc062723c751e8b465ee728b)
Start importing Assets/3dModels/Fun_Human_Racee_Assets/Cylindre_02.fbx using Guid(a5c25205e2b46cf43a34aa0fe1798c7c) Importer(815301076,1909f56bfc062723c751e8b465ee728b)  -> (artifact id: '8e3b719774b54951bbfea90f2cfb3f30') in 0.078861 seconds 
========================================================================
Received Import Request.
  Time since last request: 0.000026 seconds.
  path: Assets/3dModels/Fun_Human_Racee_Assets/Fix_Cylinder_.fbx
  artifactKey: Guid(4f1f3e893d41f0d4b9a1cf8dd74eb1a3) Importer(815301076,1909f56bfc062723c751e8b465ee728b)
Start importing Assets/3dModels/Fun_Human_Racee_Assets/Fix_Cylinder_.fbx using Guid(4f1f3e893d41f0d4b9a1cf8dd74eb1a3) Importer(815301076,1909f56bfc062723c751e8b465ee728b)  -> (artifact id: 'f22c0f6b04f465c64f1dc70faae572e9') in 0.060974 seconds 
========================================================================
Received Import Request.
  Time since last request: 0.000158 seconds.
  path: Assets/3dModels/Fun_Human_Racee_Assets/Fix1_.fbx
  artifactKey: Guid(3c3ca92f8c08322469d0b88794c398ca) Importer(815301076,1909f56bfc062723c751e8b465ee728b)
Start importing Assets/3dModels/Fun_Human_Racee_Assets/Fix1_.fbx using Guid(3c3ca92f8c08322469d0b88794c398ca) Importer(815301076,1909f56bfc062723c751e8b465ee728b)  -> (artifact id: 'd7ed1eb0887636ab24b8e3bdd4a4dd17') in 0.071369 seconds 
========================================================================
Received Import Request.
  Time since last request: 0.000030 seconds.
  path: Assets/3dModels/Fun_Human_Racee_Assets/Fix_1Axe_.fbx
  artifactKey: Guid(b8e5c966127459448838128af1b22977) Importer(815301076,1909f56bfc062723c751e8b465ee728b)
Start importing Assets/3dModels/Fun_Human_Racee_Assets/Fix_1Axe_.fbx using Guid(b8e5c966127459448838128af1b22977) Importer(815301076,1909f56bfc062723c751e8b465ee728b)  -> (artifact id: 'c6aff6025e853b48bff33383e33eb638') in 0.078050 seconds 
========================================================================
Received Import Request.
  Time since last request: 0.000032 seconds.
  path: Assets/3dModels/Fun_Human_Racee_Assets/Way01_Pont_Down_.fbx
  artifactKey: Guid(0fe4c32ed4176c94094fc6509c5e1e6e) Importer(815301076,1909f56bfc062723c751e8b465ee728b)
Start importing Assets/3dModels/Fun_Human_Racee_Assets/Way01_Pont_Down_.fbx using Guid(0fe4c32ed4176c94094fc6509c5e1e6e) Importer(815301076,1909f56bfc062723c751e8b465ee728b)  -> (artifact id: '8fd456059545cb9f64c45831613f4fb4') in 0.082956 seconds 
========================================================================
Received Import Request.
  Time since last request: 0.000088 seconds.
  path: Assets/3dModels/Fun_Human_Racee_Assets/Hammer_Ball02_.fbx
  artifactKey: Guid(95a03e53484706c40aaab55ef29580ea) Importer(815301076,1909f56bfc062723c751e8b465ee728b)
Start importing Assets/3dModels/Fun_Human_Racee_Assets/Hammer_Ball02_.fbx using Guid(95a03e53484706c40aaab55ef29580ea) Importer(815301076,1909f56bfc062723c751e8b465ee728b)  -> (artifact id: '4f46ab584164cddf56ff17660eb73e07') in 0.132650 seconds 
========================================================================
Received Import Request.
  Time since last request: 0.000040 seconds.
  path: Assets/3dModels/Fun_Human_Racee_Assets/PlatForm_01.fbx
  artifactKey: Guid(3a25c5115fd86f948bf09762b84492c8) Importer(815301076,1909f56bfc062723c751e8b465ee728b)
Start importing Assets/3dModels/Fun_Human_Racee_Assets/PlatForm_01.fbx using Guid(3a25c5115fd86f948bf09762b84492c8) Importer(815301076,1909f56bfc062723c751e8b465ee728b)  -> (artifact id: 'd6673c19b230664c1cf379d27e6222e7') in 0.076243 seconds 
========================================================================
Received Import Request.
  Time since last request: 0.000040 seconds.
  path: Assets/3dModels/Fun_Human_Racee_Assets/Way02_Down_.fbx
  artifactKey: Guid(2eacf81291efd3945b650f250ef1bb74) Importer(815301076,1909f56bfc062723c751e8b465ee728b)
Start importing Assets/3dModels/Fun_Human_Racee_Assets/Way02_Down_.fbx using Guid(2eacf81291efd3945b650f250ef1bb74) Importer(815301076,1909f56bfc062723c751e8b465ee728b)  -> (artifact id: '61516cfdf5c5963b8e1c29c8caf51cf2') in 0.074620 seconds 
========================================================================
Received Import Request.
  Time since last request: 0.000025 seconds.
  path: Assets/3dModels/Fun_Human_Racee_Assets/CylRot_S02_.fbx
  artifactKey: Guid(cec22ae840df6a34fb404fbdbc204879) Importer(815301076,1909f56bfc062723c751e8b465ee728b)
Start importing Assets/3dModels/Fun_Human_Racee_Assets/CylRot_S02_.fbx using Guid(cec22ae840df6a34fb404fbdbc204879) Importer(815301076,1909f56bfc062723c751e8b465ee728b)  -> (artifact id: '364d9931d3be579915e587734a8f7f07') in 0.093718 seconds 
========================================================================
Received Import Request.
  Time since last request: 0.000019 seconds.
  path: Assets/3dModels/Fun_Human_Racee_Assets/distrcuct.mat
  artifactKey: Guid(7b6588e0a9e1a6246927b147148e6a98) Importer(815301076,1909f56bfc062723c751e8b465ee728b)
Start importing Assets/3dModels/Fun_Human_Racee_Assets/distrcuct.mat using Guid(7b6588e0a9e1a6246927b147148e6a98) Importer(815301076,1909f56bfc062723c751e8b465ee728b)  -> (artifact id: 'f7e87d78224bf1f373651c6d381de666') in 0.388786 seconds 
========================================================================
Received Import Request.
  Time since last request: 0.000049 seconds.
  path: Assets/3dModels/Fun_Human_Racee_Assets/Wall_01.fbx
  artifactKey: Guid(0d4dc6ec0ef028c4ebba8e22ede6380e) Importer(815301076,1909f56bfc062723c751e8b465ee728b)
Start importing Assets/3dModels/Fun_Human_Racee_Assets/Wall_01.fbx using Guid(0d4dc6ec0ef028c4ebba8e22ede6380e) Importer(815301076,1909f56bfc062723c751e8b465ee728b)  -> (artifact id: '6c4e895f5900906c9d7ebbfc9a087249') in 0.088361 seconds 
========================================================================
Received Import Request.
  Time since last request: 0.000060 seconds.
  path: Assets/3dModels/Fun_Human_Racee_Assets/CylindreCollider.fbx
  artifactKey: Guid(45d6837c32866f349a2eaf2554fe9283) Importer(815301076,1909f56bfc062723c751e8b465ee728b)
Start importing Assets/3dModels/Fun_Human_Racee_Assets/CylindreCollider.fbx using Guid(45d6837c32866f349a2eaf2554fe9283) Importer(815301076,1909f56bfc062723c751e8b465ee728b)  -> (artifact id: 'a94fb93c76058bae0ef04201e25aa5fc') in 0.209299 seconds 
========================================================================
Received Import Request.
  Time since last request: 0.000021 seconds.
  path: Assets/3dModels/Fun_Human_Racee_Assets/Way01_Pont_Up_.fbx
  artifactKey: Guid(1f2ff0c2822bfaf498aca7aa654042e6) Importer(815301076,1909f56bfc062723c751e8b465ee728b)
Start importing Assets/3dModels/Fun_Human_Racee_Assets/Way01_Pont_Up_.fbx using Guid(1f2ff0c2822bfaf498aca7aa654042e6) Importer(815301076,1909f56bfc062723c751e8b465ee728b)  -> (artifact id: 'cb0ef37b44728220ec829627f4ddb855') in 0.085912 seconds 
========================================================================
Received Import Request.
  Time since last request: 0.000039 seconds.
  path: Assets/3dModels/Fun_Human_Racee_Assets/Cylindre distructed.fbx
  artifactKey: Guid(3289536bc71f8d147a743a912541ceb3) Importer(815301076,1909f56bfc062723c751e8b465ee728b)
Start importing Assets/3dModels/Fun_Human_Racee_Assets/Cylindre distructed.fbx using Guid(3289536bc71f8d147a743a912541ceb3) Importer(815301076,1909f56bfc062723c751e8b465ee728b)  -> (artifact id: '3dcf125a9d31d697e26d42f86e28813d') in 0.422206 seconds 
========================================================================
Received Import Request.
  Time since last request: 0.000135 seconds.
  path: Assets/3dModels/Fun_Human_Racee_Assets/Red_Mat dist.mat
  artifactKey: Guid(3994e6577ba13fa469a4b062f5da0ffd) Importer(815301076,1909f56bfc062723c751e8b465ee728b)
Start importing Assets/3dModels/Fun_Human_Racee_Assets/Red_Mat dist.mat using Guid(3994e6577ba13fa469a4b062f5da0ffd) Importer(815301076,1909f56bfc062723c751e8b465ee728b)  -> (artifact id: 'd1ecbfd582ed5e6d5df9e16bc92f76cc') in 0.051675 seconds 
========================================================================
Received Import Request.
  Time since last request: 0.000117 seconds.
  path: Assets/3dModels/Fun_Human_Racee_Assets/Withe_Mat.mat
  artifactKey: Guid(9fdb8766ca6108141abd41c2470d06fc) Importer(815301076,1909f56bfc062723c751e8b465ee728b)
Start importing Assets/3dModels/Fun_Human_Racee_Assets/Withe_Mat.mat using Guid(9fdb8766ca6108141abd41c2470d06fc) Importer(815301076,1909f56bfc062723c751e8b465ee728b)  -> (artifact id: 'f35297d9d800a2aceff0be6692974db0') in 0.055864 seconds 
========================================================================
Received Import Request.
  Time since last request: 0.000040 seconds.
  path: Assets/3dModels/Fun_Human_Racee_Assets/CylRot_S01_.fbx
  artifactKey: Guid(d0169c7feda4bb04a97ae644c7cf1081) Importer(815301076,1909f56bfc062723c751e8b465ee728b)
Start importing Assets/3dModels/Fun_Human_Racee_Assets/CylRot_S01_.fbx using Guid(d0169c7feda4bb04a97ae644c7cf1081) Importer(815301076,1909f56bfc062723c751e8b465ee728b)  -> (artifact id: '74d50c8367a0ab241aaf004c7ef90364') in 0.116112 seconds 
========================================================================
Received Import Request.
  Time since last request: 0.000028 seconds.
  path: Assets/3dModels/Fun_Human_Racee_Assets/Cylindre_01.fbx
  artifactKey: Guid(299f25e6e6b3b374f95bb12f6c0d3769) Importer(815301076,1909f56bfc062723c751e8b465ee728b)
Start importing Assets/3dModels/Fun_Human_Racee_Assets/Cylindre_01.fbx using Guid(299f25e6e6b3b374f95bb12f6c0d3769) Importer(815301076,1909f56bfc062723c751e8b465ee728b)  -> (artifact id: '3adf2c626aaa155e32718c377a794333') in 0.066299 seconds 
========================================================================
Received Import Request.
  Time since last request: 0.000075 seconds.
  path: Assets/3dModels/Fun_Human_Racee_Assets/PlatForm_02.fbx
  artifactKey: Guid(e0e654b4b6d0216489fee8134a70f3b2) Importer(815301076,1909f56bfc062723c751e8b465ee728b)
Start importing Assets/3dModels/Fun_Human_Racee_Assets/PlatForm_02.fbx using Guid(e0e654b4b6d0216489fee8134a70f3b2) Importer(815301076,1909f56bfc062723c751e8b465ee728b)  -> (artifact id: 'f242755b036f80a8b910fe8f2c45d371') in 0.066550 seconds 
========================================================================
Received Import Request.
  Time since last request: 0.000043 seconds.
  path: Assets/3dModels/Fun_Human_Racee_Assets/CylRot_B01_.fbx
  artifactKey: Guid(e251477e9b0fe10419f3fde4d8aa2514) Importer(815301076,1909f56bfc062723c751e8b465ee728b)
Start importing Assets/3dModels/Fun_Human_Racee_Assets/CylRot_B01_.fbx using Guid(e251477e9b0fe10419f3fde4d8aa2514) Importer(815301076,1909f56bfc062723c751e8b465ee728b)  -> (artifact id: 'ce942963c77c9019df69c0dda3f3ca10') in 0.109842 seconds 
========================================================================
Received Import Request.
  Time since last request: 0.000024 seconds.
  path: Assets/3dModels/Fun_Human_Racee_Assets/CylRot_B02_.fbx
  artifactKey: Guid(47a8d0ed7afd4614fad2dd4f73aa5f77) Importer(815301076,1909f56bfc062723c751e8b465ee728b)
Start importing Assets/3dModels/Fun_Human_Racee_Assets/CylRot_B02_.fbx using Guid(47a8d0ed7afd4614fad2dd4f73aa5f77) Importer(815301076,1909f56bfc062723c751e8b465ee728b)  -> (artifact id: '88fa3107a3badf11cbdc61946cf5306f') in 0.121151 seconds 
========================================================================
Received Import Request.
  Time since last request: 6.743632 seconds.
  path: Assets/3dModels/Materials/LiamMat__LiamTex_png.mat
  artifactKey: Guid(3a92be285829be148abb20e0376ee3e7) Importer(815301076,1909f56bfc062723c751e8b465ee728b)
Start importing Assets/3dModels/Materials/LiamMat__LiamTex_png.mat using Guid(3a92be285829be148abb20e0376ee3e7) Importer(815301076,1909f56bfc062723c751e8b465ee728b)  -> (artifact id: 'af1c5dc112f76df1c6cb8d40b16fdae7') in 0.043721 seconds 
========================================================================
Received Import Request.
  Time since last request: 0.000030 seconds.
  path: Assets/3dModels/Materials/LiamTex.mat
  artifactKey: Guid(6a41c40f115aa4247b067f35d48b79ea) Importer(815301076,1909f56bfc062723c751e8b465ee728b)
Start importing Assets/3dModels/Materials/LiamTex.mat using Guid(6a41c40f115aa4247b067f35d48b79ea) Importer(815301076,1909f56bfc062723c751e8b465ee728b)  -> (artifact id: 'de3cdd5c1150de52da2e8a1b54917f4a') in 0.065530 seconds 
