Using pre-set license
Built from '2021.3/staging' branch; Version is '2021.3.29f1 (204d6dc9ae1c) revision 2116973'; Using compiler version '192829333'; Build Type 'Release'
OS: 'Windows 10  (10.0.19045) 64bit Professional' Language: 'fr' Physical Memory: 16227 MB
BatchMode: 1, IsHumanControllingUs: 0, StartBugReporterOnCrash: 0, Is64bit: 1, IsPro: 1

COMMAND LINE ARGUMENTS:
D:\Program\Unity\Unity Editor\2021.3.29f1\Editor\Unity.exe
-adb2
-batchMode
-noUpm
-name
AssetImportWorker0
-projectPath
D:/Program/Unity/Project/repo/Unity_Road/Jump Race Game
-logFile
Logs/AssetImportWorker0.log
-srvPort
52357
Successfully changed project path to: D:/Program/Unity/Project/repo/Unity_Road/Jump Race Game
D:/Program/Unity/Project/repo/Unity_Road/Jump Race Game
[UnityMemory] Configuration Parameters - Can be set up in boot.config
    "memorysetup-bucket-allocator-granularity=16"
    "memorysetup-bucket-allocator-bucket-count=8"
    "memorysetup-bucket-allocator-block-size=33554432"
    "memorysetup-bucket-allocator-block-count=8"
    "memorysetup-main-allocator-block-size=16777216"
    "memorysetup-thread-allocator-block-size=16777216"
    "memorysetup-gfx-main-allocator-block-size=16777216"
    "memorysetup-gfx-thread-allocator-block-size=16777216"
    "memorysetup-cache-allocator-block-size=4194304"
    "memorysetup-typetree-allocator-block-size=2097152"
    "memorysetup-profiler-bucket-allocator-granularity=16"
    "memorysetup-profiler-bucket-allocator-bucket-count=8"
    "memorysetup-profiler-bucket-allocator-block-size=33554432"
    "memorysetup-profiler-bucket-allocator-block-count=8"
    "memorysetup-profiler-allocator-block-size=16777216"
    "memorysetup-profiler-editor-allocator-block-size=1048576"
    "memorysetup-temp-allocator-size-main=16777216"
    "memorysetup-job-temp-allocator-block-size=2097152"
    "memorysetup-job-temp-allocator-block-size-background=1048576"
    "memorysetup-job-temp-allocator-reduction-small-platforms=262144"
    "memorysetup-temp-allocator-size-background-worker=32768"
    "memorysetup-temp-allocator-size-job-worker=262144"
    "memorysetup-temp-allocator-size-preload-manager=33554432"
    "memorysetup-temp-allocator-size-nav-mesh-worker=65536"
    "memorysetup-temp-allocator-size-audio-worker=65536"
    "memorysetup-temp-allocator-size-cloud-worker=32768"
    "memorysetup-temp-allocator-size-gi-baking-worker=262144"
    "memorysetup-temp-allocator-size-gfx=262144"
Player connection [3232] Host "[IP] 192.168.11.101 [Port] 0 [Flags] 2 [Guid] 3504221472 [EditorId] 3504221472 [Version] 1048832 [Id] WindowsEditor(7,DESKTOP-DOV51M5) [Debug] 1 [PackageName] WindowsEditor [ProjectName] Editor" joined multi-casting on [225.0.0.222:54997]...

Player connection [3232] Host "[IP] 192.168.11.101 [Port] 0 [Flags] 2 [Guid] 3504221472 [EditorId] 3504221472 [Version] 1048832 [Id] WindowsEditor(7,DESKTOP-DOV51M5) [Debug] 1 [PackageName] WindowsEditor [ProjectName] Editor" joined alternative multi-casting on [225.0.0.222:34997]...

Refreshing native plugins compatible for Editor in 295.49 ms, found 3 plugins.
Preloading 0 native plugins for Editor in 0.00 ms.
Initialize engine version: 2021.3.29f1 (204d6dc9ae1c)
[Subsystems] Discovering subsystems at path D:/Program/Unity/Unity Editor/2021.3.29f1/Editor/Data/Resources/UnitySubsystems
[Subsystems] Discovering subsystems at path D:/Program/Unity/Project/repo/Unity_Road/Jump Race Game/Assets
GfxDevice: creating device client; threaded=0; jobified=0
Direct3D:
    Version:  Direct3D 11.0 [level 11.1]
    Renderer: Intel(R) UHD Graphics 620 (ID=0x5917)
    Vendor:   Intel
    VRAM:     8113 MB
    Driver:   31.0.101.2121
Initialize mono
Mono path[0] = 'D:/Program/Unity/Unity Editor/2021.3.29f1/Editor/Data/Managed'
Mono path[1] = 'D:/Program/Unity/Unity Editor/2021.3.29f1/Editor/Data/MonoBleedingEdge/lib/mono/unityjit-win32'
Mono config path = 'D:/Program/Unity/Unity Editor/2021.3.29f1/Editor/Data/MonoBleedingEdge/etc'
Using monoOptions --debugger-agent=transport=dt_socket,embedding=1,server=y,suspend=n,address=127.0.0.1:56924
Begin MonoManager ReloadAssembly
Registering precompiled unity dll's ...
Register platform support module: D:/Program/Unity/Unity Editor/2021.3.29f1/Editor/Data/PlaybackEngines/AndroidPlayer/UnityEditor.Android.Extensions.dll
Register platform support module: D:/Program/Unity/Unity Editor/2021.3.29f1/Editor/Data/PlaybackEngines/WindowsStandaloneSupport/UnityEditor.WindowsStandalone.Extensions.dll
Registered in 0.018588 seconds.
Native extension for WindowsStandalone target not found
Native extension for Android target not found
Android Extension - Scanning For ADB Devices 481 ms
Refreshing native plugins compatible for Editor in 164.13 ms, found 3 plugins.
Preloading 0 native plugins for Editor in 0.00 ms.
Mono: successfully reloaded assembly
- Completed reload, in  2.119 seconds
Domain Reload Profiling:
	ReloadAssembly (2120ms)
		BeginReloadAssembly (222ms)
			ExecutionOrderSort (0ms)
			DisableScriptedObjects (0ms)
			BackupInstance (0ms)
			ReleaseScriptingObjects (0ms)
			CreateAndSetChildDomain (1ms)
		EndReloadAssembly (1646ms)
			LoadAssemblies (222ms)
			RebuildTransferFunctionScriptingTraits (0ms)
			SetupTypeCache (229ms)
			ReleaseScriptCaches (0ms)
			RebuildScriptCaches (42ms)
			SetupLoadedEditorAssemblies (1269ms)
				LogAssemblyErrors (0ms)
				InitializePlatformSupportModulesInManaged (846ms)
				SetLoadedEditorAssemblies (1ms)
				RefreshPlugins (164ms)
				BeforeProcessingInitializeOnLoad (2ms)
				ProcessInitializeOnLoadAttributes (173ms)
				ProcessInitializeOnLoadMethodAttributes (83ms)
				AfterProcessingInitializeOnLoad (0ms)
				EditorAssembliesLoaded (0ms)
			ExecutionOrderSort2 (0ms)
			AwakeInstancesAfterBackupRestoration (0ms)
Platform modules already initialized, skipping
Registering precompiled user dll's ...
Registered in 0.007226 seconds.
Begin MonoManager ReloadAssembly
Symbol file LoadedFromMemory doesn't match image D:\Program\Unity\Project\repo\Unity_Road\Jump Race Game\Library\PackageCache\com.unity.visualscripting@1.8.0\Editor\VisualScripting.Core\Dependencies\YamlDotNet\Unity.VisualScripting.YamlDotNet.dll
Symbol file LoadedFromMemory doesn't match image D:\Program\Unity\Project\repo\Unity_Road\Jump Race Game\Library\PackageCache\com.unity.visualscripting@1.8.0\Editor\VisualScripting.Core\Dependencies\DotNetZip\Unity.VisualScripting.IonicZip.dll
Native extension for WindowsStandalone target not found
Native extension for Android target not found
Refreshing native plugins compatible for Editor in 0.62 ms, found 3 plugins.
Preloading 0 native plugins for Editor in 0.00 ms.
Mono: successfully reloaded assembly
- Completed reload, in  2.022 seconds
Domain Reload Profiling:
	ReloadAssembly (2023ms)
		BeginReloadAssembly (260ms)
			ExecutionOrderSort (0ms)
			DisableScriptedObjects (9ms)
			BackupInstance (0ms)
			ReleaseScriptingObjects (0ms)
			CreateAndSetChildDomain (28ms)
		EndReloadAssembly (1566ms)
			LoadAssemblies (242ms)
			RebuildTransferFunctionScriptingTraits (0ms)
			SetupTypeCache (574ms)
			ReleaseScriptCaches (1ms)
			RebuildScriptCaches (85ms)
			SetupLoadedEditorAssemblies (652ms)
				LogAssemblyErrors (0ms)
				InitializePlatformSupportModulesInManaged (34ms)
				SetLoadedEditorAssemblies (1ms)
				RefreshPlugins (1ms)
				BeforeProcessingInitializeOnLoad (139ms)
				ProcessInitializeOnLoadAttributes (427ms)
				ProcessInitializeOnLoadMethodAttributes (38ms)
				AfterProcessingInitializeOnLoad (12ms)
				EditorAssembliesLoaded (0ms)
			ExecutionOrderSort2 (0ms)
			AwakeInstancesAfterBackupRestoration (14ms)
Platform modules already initialized, skipping
========================================================================
Worker process is ready to serve import requests
Launched and connected shader compiler UnityShaderCompiler.exe after 0.08 seconds
Refreshing native plugins compatible for Editor in 0.62 ms, found 3 plugins.
Preloading 0 native plugins for Editor in 0.00 ms.
Unloading 3237 Unused Serialized files (Serialized files now loaded: 0)
Unloading 35 unused Assets / (119.3 KB). Loaded Objects now: 3703.
Memory consumption went from 121.0 MB to 120.9 MB.
Total: 4.089000 ms (FindLiveObjects: 0.410500 ms CreateObjectMapping: 0.283800 ms MarkObjects: 3.264700 ms  DeleteObjects: 0.128800 ms)

AssetImportParameters requested are different than current active one (requested -> active):
  custom:video-decoder-ogg-theora: a1e56fd34408186e4bbccfd4996cb3dc -> 
  custom:container-muxer-webm: aa71ff27fc2769a1b78a27578f13a17b -> 
  custom:container-demuxer-webm: 4f35f7cbe854078d1ac9338744f61a02 -> 
  custom:video-encoder-webm-vp8: eb34c28f22e8b96e1ab97ce403110664 -> 
  custom:CustomObjectIndexerAttribute: bc11b3a6c3213fcdd17b65e7da85e133 -> 
  custom:audio-encoder-webm-vorbis: bf7c407c2cedff20999df2af8eb42d56 -> 
  custom:framework-win-MediaFoundation: 216162199b28c13a410421893ffa2e32 -> 
  custom:container-demuxer-ogg: 62fdf1f143b41e24485cea50d1cbac27 -> 
  custom:video-decoder-webm-vp8: 9c59270c3fd7afecdb556c50c9e8de78 -> 
  custom:audio-decoder-ogg-vorbis: bf7c407c2cedff20999df2af8eb42d56 -> 
========================================================================
Received Import Request.
  Time since last request: 5482.058276 seconds.
  path: Assets/3dModels
  artifactKey: Guid(f6767ad82fec63f40becff1bd518426e) Importer(815301076,1909f56bfc062723c751e8b465ee728b)
Start importing Assets/3dModels using Guid(f6767ad82fec63f40becff1bd518426e) Importer(815301076,1909f56bfc062723c751e8b465ee728b)  -> (artifact id: 'c5c4d13dac65eb9af88b2dabe1209aac') in 0.023398 seconds 
========================================================================
Received Import Request.
  Time since last request: 3.591327 seconds.
  path: Assets/3dModels/trompoline_animation.anim
  artifactKey: Guid(3e8cd9eb4538e0a46bd38657bd89515b) Importer(815301076,1909f56bfc062723c751e8b465ee728b)
Start importing Assets/3dModels/trompoline_animation.anim using Guid(3e8cd9eb4538e0a46bd38657bd89515b) Importer(815301076,1909f56bfc062723c751e8b465ee728b)  -> (artifact id: '8fa00dd4f945b96f1c7b2bc6f337ee00') in 0.068532 seconds 
========================================================================
Received Import Request.
  Time since last request: 4488.342316 seconds.
  path: Assets/3dModels/Animations
  artifactKey: Guid(b6c619e6f9e440940a2dc0cc4e0c2ee8) Importer(815301076,1909f56bfc062723c751e8b465ee728b)
Start importing Assets/3dModels/Animations using Guid(b6c619e6f9e440940a2dc0cc4e0c2ee8) Importer(815301076,1909f56bfc062723c751e8b465ee728b)  -> (artifact id: '7b0671dae661e30e1a056581bbd77926') in 0.017614 seconds 
========================================================================
Received Import Request.
  Time since last request: 0.000210 seconds.
  path: Assets/3dModels/Animations/Falling.fbx
  artifactKey: Guid(e97fc9242bcdcfd4e8d6f0ec90adb233) Importer(815301076,1909f56bfc062723c751e8b465ee728b)
Start importing Assets/3dModels/Animations/Falling.fbx using Guid(e97fc9242bcdcfd4e8d6f0ec90adb233) Importer(815301076,1909f56bfc062723c751e8b465ee728b)  -> (artifact id: 'cd0a6acf51450b18a4d83ce3ce9320d8') in 0.188061 seconds 
========================================================================
Received Import Request.
  Time since last request: 0.000036 seconds.
  path: Assets/3dModels/Animations/Front Flip.fbx
  artifactKey: Guid(b8a17c98eb9a3654ba662157dee41782) Importer(815301076,1909f56bfc062723c751e8b465ee728b)
Start importing Assets/3dModels/Animations/Front Flip.fbx using Guid(b8a17c98eb9a3654ba662157dee41782) Importer(815301076,1909f56bfc062723c751e8b465ee728b)  -> (artifact id: '1f8e3f43d769b3e09faa1d9f2ae4ebec') in 0.047345 seconds 
========================================================================
Received Import Request.
  Time since last request: 0.000025 seconds.
  path: Assets/3dModels/Animations/Idle.fbx
  artifactKey: Guid(9c11d6e67b8bc5843bf4cfb9985ba9ca) Importer(815301076,1909f56bfc062723c751e8b465ee728b)
Start importing Assets/3dModels/Animations/Idle.fbx using Guid(9c11d6e67b8bc5843bf4cfb9985ba9ca) Importer(815301076,1909f56bfc062723c751e8b465ee728b)  -> (artifact id: 'c8502835f9b417bb2ee1d4f95fd07102') in 0.037668 seconds 
========================================================================
Received Import Request.
  Time since last request: 0.000058 seconds.
  path: Assets/3dModels/Animations/Falling Idle.fbx
  artifactKey: Guid(4a5354f0bed84284da9e6d8929ceba24) Importer(815301076,1909f56bfc062723c751e8b465ee728b)
Start importing Assets/3dModels/Animations/Falling Idle.fbx using Guid(4a5354f0bed84284da9e6d8929ceba24) Importer(815301076,1909f56bfc062723c751e8b465ee728b)  -> (artifact id: 'de471ccfdafd0cd262972b1bc01c7db6') in 0.032716 seconds 
========================================================================
Received Import Request.
  Time since last request: 0.000020 seconds.
  path: Assets/3dModels/Animations/Jumping.fbx
  artifactKey: Guid(38dfdac4cd9316c408938914b27ec3f9) Importer(815301076,1909f56bfc062723c751e8b465ee728b)
Start importing Assets/3dModels/Animations/Jumping.fbx using Guid(38dfdac4cd9316c408938914b27ec3f9) Importer(815301076,1909f56bfc062723c751e8b465ee728b)  -> (artifact id: '036da93db8ae50ce205096e1e51f0bad') in 0.038742 seconds 
========================================================================
Received Import Request.
  Time since last request: 0.000041 seconds.
  path: Assets/3dModels/Animations/Defeat Idle.fbx
  artifactKey: Guid(d8d1a06e14814fc478df25c4adb2bae8) Importer(815301076,1909f56bfc062723c751e8b465ee728b)
Start importing Assets/3dModels/Animations/Defeat Idle.fbx using Guid(d8d1a06e14814fc478df25c4adb2bae8) Importer(815301076,1909f56bfc062723c751e8b465ee728b)  -> (artifact id: '30ad044521b0cabfec8ca62bcae0ecd0') in 0.045895 seconds 
========================================================================
Received Import Request.
  Time since last request: 0.000040 seconds.
  path: Assets/3dModels/Animations/JumpRaceChar2.fbx
  artifactKey: Guid(3f4758e58f298c146956da4f02217471) Importer(815301076,1909f56bfc062723c751e8b465ee728b)
Start importing Assets/3dModels/Animations/JumpRaceChar2.fbx using Guid(3f4758e58f298c146956da4f02217471) Importer(815301076,1909f56bfc062723c751e8b465ee728b)  -> (artifact id: 'e2ba503bc533a8b2aabcb39923923c97') in 0.218750 seconds 
========================================================================
Received Import Request.
  Time since last request: 1.102018 seconds.
  path: Assets/3dModels/Fun_Human_Racee_Assets
  artifactKey: Guid(0691bcaa0a7f12e42af05a30edb2ec3a) Importer(815301076,1909f56bfc062723c751e8b465ee728b)
Start importing Assets/3dModels/Fun_Human_Racee_Assets using Guid(0691bcaa0a7f12e42af05a30edb2ec3a) Importer(815301076,1909f56bfc062723c751e8b465ee728b)  -> (artifact id: '20aea1c27b0a55dcd34f747f83a62b27') in 0.027043 seconds 
========================================================================
Received Import Request.
  Time since last request: 0.042819 seconds.
  path: Assets/3dModels/Fun_Human_Racee_Assets/Ball03_.fbx
  artifactKey: Guid(736a8e41450bf2a488272ec52ba39b49) Importer(815301076,1909f56bfc062723c751e8b465ee728b)
Start importing Assets/3dModels/Fun_Human_Racee_Assets/Ball03_.fbx using Guid(736a8e41450bf2a488272ec52ba39b49) Importer(815301076,1909f56bfc062723c751e8b465ee728b)  -> (artifact id: 'cd3d017ff2ddeee3aaf9c0381c11507b') in 0.083578 seconds 
========================================================================
Received Import Request.
  Time since last request: 0.000038 seconds.
  path: Assets/3dModels/Fun_Human_Racee_Assets/Hammer_.fbx
  artifactKey: Guid(69658e6a19d725748b4fda9dbbb4f2c2) Importer(815301076,1909f56bfc062723c751e8b465ee728b)
Start importing Assets/3dModels/Fun_Human_Racee_Assets/Hammer_.fbx using Guid(69658e6a19d725748b4fda9dbbb4f2c2) Importer(815301076,1909f56bfc062723c751e8b465ee728b)  -> (artifact id: 'e0fa91370738bd1de4b4b8c4de833caf') in 0.099835 seconds 
========================================================================
Received Import Request.
  Time since last request: 0.000041 seconds.
  path: Assets/3dModels/Fun_Human_Racee_Assets/Way02_Pont_.fbx
  artifactKey: Guid(5286a792277de3c4dbcef34642238555) Importer(815301076,1909f56bfc062723c751e8b465ee728b)
Start importing Assets/3dModels/Fun_Human_Racee_Assets/Way02_Pont_.fbx using Guid(5286a792277de3c4dbcef34642238555) Importer(815301076,1909f56bfc062723c751e8b465ee728b)  -> (artifact id: 'bac6cc100abe237406a8e46bfffacff7') in 0.088024 seconds 
========================================================================
Received Import Request.
  Time since last request: 0.000030 seconds.
  path: Assets/3dModels/Fun_Human_Racee_Assets/Capsule_01.fbx
  artifactKey: Guid(e18860c6c61855843ab404cc0aadef2c) Importer(815301076,1909f56bfc062723c751e8b465ee728b)
Start importing Assets/3dModels/Fun_Human_Racee_Assets/Capsule_01.fbx using Guid(e18860c6c61855843ab404cc0aadef2c) Importer(815301076,1909f56bfc062723c751e8b465ee728b)  -> (artifact id: '054287c8afbbf49a87926040fcc82e39') in 0.069635 seconds 
========================================================================
Received Import Request.
  Time since last request: 0.000031 seconds.
  path: Assets/3dModels/Fun_Human_Racee_Assets/Hammer_Ball01_.fbx
  artifactKey: Guid(4adf40496cb4c6c49bf5c82993eef542) Importer(815301076,1909f56bfc062723c751e8b465ee728b)
Start importing Assets/3dModels/Fun_Human_Racee_Assets/Hammer_Ball01_.fbx using Guid(4adf40496cb4c6c49bf5c82993eef542) Importer(815301076,1909f56bfc062723c751e8b465ee728b)  -> (artifact id: '24358f62e16d08af2716d20d00f244f8') in 0.119677 seconds 
========================================================================
Received Import Request.
  Time since last request: 0.000025 seconds.
  path: Assets/3dModels/Fun_Human_Racee_Assets/CylRot_Axe01_.fbx
  artifactKey: Guid(45780017ceb8b7644bf136427849eeb9) Importer(815301076,1909f56bfc062723c751e8b465ee728b)
Start importing Assets/3dModels/Fun_Human_Racee_Assets/CylRot_Axe01_.fbx using Guid(45780017ceb8b7644bf136427849eeb9) Importer(815301076,1909f56bfc062723c751e8b465ee728b)  -> (artifact id: '6b035c6343c9c6814bc93cd6b7c2c082') in 0.110680 seconds 
========================================================================
Received Import Request.
  Time since last request: 0.000036 seconds.
  path: Assets/3dModels/Fun_Human_Racee_Assets/Cylindre distructed normal.fbx
  artifactKey: Guid(1c37694a4dc7c3241a6962b03052ffb1) Importer(815301076,1909f56bfc062723c751e8b465ee728b)
Start importing Assets/3dModels/Fun_Human_Racee_Assets/Cylindre distructed normal.fbx using Guid(1c37694a4dc7c3241a6962b03052ffb1) Importer(815301076,1909f56bfc062723c751e8b465ee728b)  -> (artifact id: '1bac402d3662d7c2a374c32537353b1a') in 0.082136 seconds 
========================================================================
Received Import Request.
  Time since last request: 0.000035 seconds.
  path: Assets/3dModels/Fun_Human_Racee_Assets/Way01_Pont_.fbx
  artifactKey: Guid(e1e9d737ae0f63345bb4976d52973011) Importer(815301076,1909f56bfc062723c751e8b465ee728b)
Start importing Assets/3dModels/Fun_Human_Racee_Assets/Way01_Pont_.fbx using Guid(e1e9d737ae0f63345bb4976d52973011) Importer(815301076,1909f56bfc062723c751e8b465ee728b)  -> (artifact id: '00c0d54a275f3a89b5422d2fe4cfc6dd') in 0.081012 seconds 
========================================================================
Received Import Request.
  Time since last request: 0.000036 seconds.
  path: Assets/3dModels/Fun_Human_Racee_Assets/Fix2_.fbx
  artifactKey: Guid(651ea4bd1f0ee5244aedb4cf13f98585) Importer(815301076,1909f56bfc062723c751e8b465ee728b)
Start importing Assets/3dModels/Fun_Human_Racee_Assets/Fix2_.fbx using Guid(651ea4bd1f0ee5244aedb4cf13f98585) Importer(815301076,1909f56bfc062723c751e8b465ee728b)  -> (artifact id: 'fe49cdc6149a7cdc87b4ba846c407bef') in 0.067190 seconds 
========================================================================
Received Import Request.
  Time since last request: 0.000022 seconds.
  path: Assets/3dModels/Fun_Human_Racee_Assets/greenMat 1.mat
  artifactKey: Guid(60af1d1c199e08941a4536cd0aa8b1f9) Importer(815301076,1909f56bfc062723c751e8b465ee728b)
Start importing Assets/3dModels/Fun_Human_Racee_Assets/greenMat 1.mat using Guid(60af1d1c199e08941a4536cd0aa8b1f9) Importer(815301076,1909f56bfc062723c751e8b465ee728b)  -> (artifact id: '048fce18afa964d1fd300ab2036c5bb6') in 0.659348 seconds 
========================================================================
Received Import Request.
  Time since last request: 0.000064 seconds.
  path: Assets/3dModels/Fun_Human_Racee_Assets/Way02_Front_.fbx
  artifactKey: Guid(f72fb3169be220a42a38f401745e6c11) Importer(815301076,1909f56bfc062723c751e8b465ee728b)
Start importing Assets/3dModels/Fun_Human_Racee_Assets/Way02_Front_.fbx using Guid(f72fb3169be220a42a38f401745e6c11) Importer(815301076,1909f56bfc062723c751e8b465ee728b)  -> (artifact id: 'db75630a043ec473bc6dfab0863a3962') in 0.108885 seconds 
========================================================================
Received Import Request.
  Time since last request: 0.000029 seconds.
  path: Assets/3dModels/Fun_Human_Racee_Assets/Way_Box_.fbx
  artifactKey: Guid(f7984af9b553cb04a8e60b5fe16d17f7) Importer(815301076,1909f56bfc062723c751e8b465ee728b)
Start importing Assets/3dModels/Fun_Human_Racee_Assets/Way_Box_.fbx using Guid(f7984af9b553cb04a8e60b5fe16d17f7) Importer(815301076,1909f56bfc062723c751e8b465ee728b)  -> (artifact id: '3a218902c24e82084a85dd944615ea73') in 0.073050 seconds 
========================================================================
Received Import Request.
  Time since last request: 0.000028 seconds.
  path: Assets/3dModels/Fun_Human_Racee_Assets/Cylindre.fbx
  artifactKey: Guid(9f60c99d12e269a4fa5dd0ff1f107236) Importer(815301076,1909f56bfc062723c751e8b465ee728b)
Start importing Assets/3dModels/Fun_Human_Racee_Assets/Cylindre.fbx using Guid(9f60c99d12e269a4fa5dd0ff1f107236) Importer(815301076,1909f56bfc062723c751e8b465ee728b)  -> (artifact id: 'e6baefa44d2dce0fefb0edab84d8d0ef') in 0.066985 seconds 
========================================================================
Received Import Request.
  Time since last request: 0.000023 seconds.
  path: Assets/3dModels/Fun_Human_Racee_Assets/Way_Down_.fbx
  artifactKey: Guid(87f465d1191a7a94e840efff7a7ef6f9) Importer(815301076,1909f56bfc062723c751e8b465ee728b)
Start importing Assets/3dModels/Fun_Human_Racee_Assets/Way_Down_.fbx using Guid(87f465d1191a7a94e840efff7a7ef6f9) Importer(815301076,1909f56bfc062723c751e8b465ee728b)  -> (artifact id: '676b4e0af5c5c7b2409941f07358ace4') in 0.075811 seconds 
========================================================================
Received Import Request.
  Time since last request: 0.000030 seconds.
  path: Assets/3dModels/Fun_Human_Racee_Assets/Red_Mat.mat
  artifactKey: Guid(a7ac782685a1af04092d4f97e932c8f9) Importer(815301076,1909f56bfc062723c751e8b465ee728b)
Start importing Assets/3dModels/Fun_Human_Racee_Assets/Red_Mat.mat using Guid(a7ac782685a1af04092d4f97e932c8f9) Importer(815301076,1909f56bfc062723c751e8b465ee728b)  -> (artifact id: 'be6e1d89dcbf9d7fe0f8839608a43481') in 0.052057 seconds 
========================================================================
Received Import Request.
  Time since last request: 0.000030 seconds.
  path: Assets/3dModels/Fun_Human_Racee_Assets/Fix_4Axes_.fbx
  artifactKey: Guid(9be306983c48681479469340f4c5c0e8) Importer(815301076,1909f56bfc062723c751e8b465ee728b)
Start importing Assets/3dModels/Fun_Human_Racee_Assets/Fix_4Axes_.fbx using Guid(9be306983c48681479469340f4c5c0e8) Importer(815301076,1909f56bfc062723c751e8b465ee728b)  -> (artifact id: 'f45a7f67c3ea9ba717c9470b33aba5af') in 0.073242 seconds 
========================================================================
Received Import Request.
  Time since last request: 0.000023 seconds.
  path: Assets/3dModels/Fun_Human_Racee_Assets/Way_Up_.fbx
  artifactKey: Guid(03095f30707b5054b856b9c9a3c3f0e9) Importer(815301076,1909f56bfc062723c751e8b465ee728b)
Start importing Assets/3dModels/Fun_Human_Racee_Assets/Way_Up_.fbx using Guid(03095f30707b5054b856b9c9a3c3f0e9) Importer(815301076,1909f56bfc062723c751e8b465ee728b)  -> (artifact id: '6a8fcfe6a8724b5c02d835d1859e8f10') in 0.068004 seconds 
========================================================================
Received Import Request.
  Time since last request: 0.000040 seconds.
  path: Assets/3dModels/Fun_Human_Racee_Assets/Way_Front_.fbx
  artifactKey: Guid(daa951e833dbebd469383641dd1e4647) Importer(815301076,1909f56bfc062723c751e8b465ee728b)
Start importing Assets/3dModels/Fun_Human_Racee_Assets/Way_Front_.fbx using Guid(daa951e833dbebd469383641dd1e4647) Importer(815301076,1909f56bfc062723c751e8b465ee728b)  -> (artifact id: 'ffefe38eadac8ee4f3dd445b41de13ab') in 0.070396 seconds 
========================================================================
Received Import Request.
  Time since last request: 0.000042 seconds.
  path: Assets/3dModels/Fun_Human_Racee_Assets/Way02_Up_.fbx
  artifactKey: Guid(f101192a9027f014683081f1d5082a45) Importer(815301076,1909f56bfc062723c751e8b465ee728b)
Start importing Assets/3dModels/Fun_Human_Racee_Assets/Way02_Up_.fbx using Guid(f101192a9027f014683081f1d5082a45) Importer(815301076,1909f56bfc062723c751e8b465ee728b)  -> (artifact id: 'eb25b2239f3b50b0eebb56b2c50b2513') in 0.068263 seconds 
========================================================================
Received Import Request.
  Time since last request: 0.000022 seconds.
  path: Assets/3dModels/Fun_Human_Racee_Assets/Fix_2Axes_.fbx
  artifactKey: Guid(b25f423e7147377448be141dca7bebcd) Importer(815301076,1909f56bfc062723c751e8b465ee728b)
Start importing Assets/3dModels/Fun_Human_Racee_Assets/Fix_2Axes_.fbx using Guid(b25f423e7147377448be141dca7bebcd) Importer(815301076,1909f56bfc062723c751e8b465ee728b)  -> (artifact id: 'b39fbf15127fdbcd55dc69c34ca6192a') in 0.067944 seconds 
========================================================================
Received Import Request.
  Time since last request: 0.000028 seconds.
  path: Assets/3dModels/Fun_Human_Racee_Assets/Withe dist.mat
  artifactKey: Guid(ab8e71240a9998e4e917d24947052428) Importer(815301076,1909f56bfc062723c751e8b465ee728b)
Start importing Assets/3dModels/Fun_Human_Racee_Assets/Withe dist.mat using Guid(ab8e71240a9998e4e917d24947052428) Importer(815301076,1909f56bfc062723c751e8b465ee728b)  -> (artifact id: '50f535fa1f77ef5e4dfbd7afbaea2434') in 0.053303 seconds 
========================================================================
Received Import Request.
  Time since last request: 0.000024 seconds.
  path: Assets/3dModels/Fun_Human_Racee_Assets/CylRot_B03_.fbx
  artifactKey: Guid(bf7d6faba36265746a82e81164dd8383) Importer(815301076,1909f56bfc062723c751e8b465ee728b)
Start importing Assets/3dModels/Fun_Human_Racee_Assets/CylRot_B03_.fbx using Guid(bf7d6faba36265746a82e81164dd8383) Importer(815301076,1909f56bfc062723c751e8b465ee728b)  -> (artifact id: '98f38007be9a18d04e990663e314fd05') in 0.073848 seconds 
========================================================================
Received Import Request.
  Time since last request: 0.000046 seconds.
  path: Assets/3dModels/Fun_Human_Racee_Assets/Foot_Stop_Diff.png
  artifactKey: Guid(3e4bd7e2654f85c4e9d936aaff8a9318) Importer(815301076,1909f56bfc062723c751e8b465ee728b)
Start importing Assets/3dModels/Fun_Human_Racee_Assets/Foot_Stop_Diff.png using Guid(3e4bd7e2654f85c4e9d936aaff8a9318) Importer(815301076,1909f56bfc062723c751e8b465ee728b)  -> (artifact id: '233813bde30b4f53ae517940684f1cad') in 0.112819 seconds 
========================================================================
Received Import Request.
  Time since last request: 0.000027 seconds.
  path: Assets/3dModels/Fun_Human_Racee_Assets/CylRot_S03_.fbx
  artifactKey: Guid(116a5c7ec9189424f8a817ec22a05072) Importer(815301076,1909f56bfc062723c751e8b465ee728b)
Start importing Assets/3dModels/Fun_Human_Racee_Assets/CylRot_S03_.fbx using Guid(116a5c7ec9189424f8a817ec22a05072) Importer(815301076,1909f56bfc062723c751e8b465ee728b)  -> (artifact id: '37dc414f7fdec4c74078423a09e1d135') in 0.068655 seconds 
========================================================================
Received Import Request.
  Time since last request: 0.000035 seconds.
  path: Assets/3dModels/Fun_Human_Racee_Assets/Cannon_.fbx
  artifactKey: Guid(227a60a619e3b3443bbea1c910661250) Importer(815301076,1909f56bfc062723c751e8b465ee728b)
Start importing Assets/3dModels/Fun_Human_Racee_Assets/Cannon_.fbx using Guid(227a60a619e3b3443bbea1c910661250) Importer(815301076,1909f56bfc062723c751e8b465ee728b)  -> (artifact id: '129b61b00b7d358dc5ccc94c40c97f7e') in 0.107967 seconds 
========================================================================
Received Import Request.
  Time since last request: 0.000031 seconds.
  path: Assets/3dModels/Fun_Human_Racee_Assets/redMat 2.mat
  artifactKey: Guid(0d628990c6e2c824c91c954df3c082cc) Importer(815301076,1909f56bfc062723c751e8b465ee728b)
Start importing Assets/3dModels/Fun_Human_Racee_Assets/redMat 2.mat using Guid(0d628990c6e2c824c91c954df3c082cc) Importer(815301076,1909f56bfc062723c751e8b465ee728b)  -> (artifact id: 'e800b94a70c40bd636dd4e4a7d3e043e') in 0.058329 seconds 
========================================================================
Received Import Request.
  Time since last request: 0.000038 seconds.
  path: Assets/3dModels/Fun_Human_Racee_Assets/CylRot_Axe02_.fbx
  artifactKey: Guid(3d304b8fe5889304a8105107eb0ec0e6) Importer(815301076,1909f56bfc062723c751e8b465ee728b)
Start importing Assets/3dModels/Fun_Human_Racee_Assets/CylRot_Axe02_.fbx using Guid(3d304b8fe5889304a8105107eb0ec0e6) Importer(815301076,1909f56bfc062723c751e8b465ee728b)  -> (artifact id: '761c4bd28427250f06bdb9381a243be5') in 0.148270 seconds 
========================================================================
Received Import Request.
  Time since last request: 6.720931 seconds.
  path: Assets/3dModels/Materials
  artifactKey: Guid(7eff81da3fdfa5541831fda552190310) Importer(815301076,1909f56bfc062723c751e8b465ee728b)
Start importing Assets/3dModels/Materials using Guid(7eff81da3fdfa5541831fda552190310) Importer(815301076,1909f56bfc062723c751e8b465ee728b)  -> (artifact id: '7f146fce6263487b193fc3d7d9577ce1') in 0.018019 seconds 
========================================================================
Received Import Request.
  Time since last request: 0.048499 seconds.
  path: Assets/3dModels/Materials/lakeside_4k.mat
  artifactKey: Guid(94e6e81e40f9dd543a55acbeab15f01c) Importer(815301076,1909f56bfc062723c751e8b465ee728b)
Start importing Assets/3dModels/Materials/lakeside_4k.mat using Guid(94e6e81e40f9dd543a55acbeab15f01c) Importer(815301076,1909f56bfc062723c751e8b465ee728b)  -> (artifact id: 'f7008968a51936dee74b71e3da871936') in 0.044852 seconds 
